  ThreadsTest.cpp
c:\users\rafxar\source\repos\threadstest\threadstest\threadstest.cpp(14): error C2039: 'vector': is not a member of 'std'
  c:\users\rafxar\source\repos\threadstest\threadstest\predefined c++ types (compiler internal)(256): note: see declaration of 'std'
c:\users\rafxar\source\repos\threadstest\threadstest\threadstest.cpp(14): error C2065: 'vector': undeclared identifier
c:\users\rafxar\source\repos\threadstest\threadstest\threadstest.cpp(14): error C2062: type 'int' unexpected
c:\users\rafxar\source\repos\threadstest\threadstest\threadstest.cpp(15): error C2039: 'vector': is not a member of 'std'
  c:\users\rafxar\source\repos\threadstest\threadstest\predefined c++ types (compiler internal)(256): note: see declaration of 'std'
c:\users\rafxar\source\repos\threadstest\threadstest\threadstest.cpp(15): error C2065: 'vector': undeclared identifier
c:\users\rafxar\source\repos\threadstest\threadstest\threadstest.cpp(15): error C2062: type 'int' unexpected
c:\users\rafxar\source\repos\threadstest\threadstest\threadstest.cpp(19): error C2039: 'vector': is not a member of 'std'
  c:\users\rafxar\source\repos\threadstest\threadstest\predefined c++ types (compiler internal)(256): note: see declaration of 'std'
c:\users\rafxar\source\repos\threadstest\threadstest\threadstest.cpp(19): error C2065: 'vector': undeclared identifier
c:\users\rafxar\source\repos\threadstest\threadstest\threadstest.cpp(19): error C2062: type 'int' unexpected
c:\users\rafxar\source\repos\threadstest\threadstest\threadstest.cpp(19): error C2143: syntax error: missing ';' before '{'
c:\users\rafxar\source\repos\threadstest\threadstest\threadstest.cpp(19): error C2447: '{': missing function header (old-style formal list?)
c:\users\rafxar\source\repos\threadstest\threadstest\threadstest.cpp(28): error C2039: 'vector': is not a member of 'std'
  c:\users\rafxar\source\repos\threadstest\threadstest\predefined c++ types (compiler internal)(256): note: see declaration of 'std'
c:\users\rafxar\source\repos\threadstest\threadstest\threadstest.cpp(28): error C2065: 'vector': undeclared identifier
c:\users\rafxar\source\repos\threadstest\threadstest\threadstest.cpp(28): error C2062: type 'int' unexpected
c:\users\rafxar\source\repos\threadstest\threadstest\threadstest.cpp(28): error C2143: syntax error: missing ';' before '{'
c:\users\rafxar\source\repos\threadstest\threadstest\threadstest.cpp(28): error C2447: '{': missing function header (old-style formal list?)
c:\users\rafxar\source\repos\threadstest\threadstest\threadstest.cpp(35): error C2039: 'vector': is not a member of 'std'
  c:\users\rafxar\source\repos\threadstest\threadstest\predefined c++ types (compiler internal)(256): note: see declaration of 'std'
c:\users\rafxar\source\repos\threadstest\threadstest\threadstest.cpp(35): error C2143: syntax error: missing ';' before '<'
c:\users\rafxar\source\repos\threadstest\threadstest\threadstest.cpp(35): error C4430: missing type specifier - int assumed. Note: C++ does not support default-int
c:\users\rafxar\source\repos\threadstest\threadstest\threadstest.cpp(35): error C2143: syntax error: missing ';' before '{'
c:\users\rafxar\source\repos\threadstest\threadstest\threadstest.cpp(35): error C2447: '{': missing function header (old-style formal list?)
c:\users\rafxar\source\repos\threadstest\threadstest\threadstest.cpp(63): error C2039: 'vector': is not a member of 'std'
  c:\users\rafxar\source\repos\threadstest\threadstest\predefined c++ types (compiler internal)(256): note: see declaration of 'std'
c:\users\rafxar\source\repos\threadstest\threadstest\threadstest.cpp(63): error C2062: type 'int' unexpected
c:\users\rafxar\source\repos\threadstest\threadstest\threadstest.cpp(63): error C2143: syntax error: missing ';' before '{'
c:\users\rafxar\source\repos\threadstest\threadstest\threadstest.cpp(63): error C2447: '{': missing function header (old-style formal list?)
c:\users\rafxar\source\repos\threadstest\threadstest\threadstest.cpp(85): error C2039: 'vector': is not a member of 'std'
  c:\users\rafxar\source\repos\threadstest\threadstest\predefined c++ types (compiler internal)(256): note: see declaration of 'std'
c:\users\rafxar\source\repos\threadstest\threadstest\threadstest.cpp(85): error C2062: type 'int' unexpected
c:\users\rafxar\source\repos\threadstest\threadstest\threadstest.cpp(87): error C2039: 'thread': is not a member of 'std'
  c:\users\rafxar\source\repos\threadstest\threadstest\predefined c++ types (compiler internal)(256): note: see declaration of 'std'
c:\users\rafxar\source\repos\threadstest\threadstest\threadstest.cpp(87): error C2065: 'thread': undeclared identifier
c:\users\rafxar\source\repos\threadstest\threadstest\threadstest.cpp(87): error C2146: syntax error: missing ';' before identifier 't'
c:\users\rafxar\source\repos\threadstest\threadstest\threadstest.cpp(87): error C2065: 'quicksort': undeclared identifier
c:\users\rafxar\source\repos\threadstest\threadstest\threadstest.cpp(87): error C2039: 'ref': is not a member of 'std'
  c:\users\rafxar\source\repos\threadstest\threadstest\predefined c++ types (compiler internal)(256): note: see declaration of 'std'
c:\users\rafxar\source\repos\threadstest\threadstest\threadstest.cpp(87): error C2065: 'v': undeclared identifier
c:\users\rafxar\source\repos\threadstest\threadstest\threadstest.cpp(87): error C3861: 'ref': identifier not found
c:\users\rafxar\source\repos\threadstest\threadstest\threadstest.cpp(87): error C3861: 't': identifier not found
c:\users\rafxar\source\repos\threadstest\threadstest\threadstest.cpp(88): error C2065: 't': undeclared identifier
c:\users\rafxar\source\repos\threadstest\threadstest\threadstest.cpp(90): error C2065: 'v': undeclared identifier
c:\users\rafxar\source\repos\threadstest\threadstest\threadstest.cpp(90): error C3861: 'write_results': identifier not found
c:\users\rafxar\source\repos\threadstest\threadstest\threadstest.cpp(91): error C2065: 'cout': undeclared identifier
c:\users\rafxar\source\repos\threadstest\threadstest\threadstest.cpp(91): error C2065: 'v': undeclared identifier
c:\users\rafxar\source\repos\threadstest\threadstest\threadstest.cpp(91): error C2065: 'end': undeclared identifier
c:\users\rafxar\source\repos\threadstest\threadstest\threadstest.cpp(91): error C2065: 'start': undeclared identifier
c:\users\rafxar\source\repos\threadstest\threadstest\threadstest.cpp(91): error C3861: 'double_sec': identifier not found
c:\users\rafxar\source\repos\threadstest\threadstest\threadstest.cpp(91): error C2039: 'endl': is not a member of 'std'
  c:\users\rafxar\source\repos\threadstest\threadstest\predefined c++ types (compiler internal)(256): note: see declaration of 'std'
c:\users\rafxar\source\repos\threadstest\threadstest\threadstest.cpp(91): error C2065: 'endl': undeclared identifier
c:\users\rafxar\source\repos\threadstest\threadstest\threadstest.cpp(99): error C2039: 'vector': is not a member of 'std'
  c:\users\rafxar\source\repos\threadstest\threadstest\predefined c++ types (compiler internal)(256): note: see declaration of 'std'
c:\users\rafxar\source\repos\threadstest\threadstest\threadstest.cpp(99): error C2062: type 'int' unexpected
c:\users\rafxar\source\repos\threadstest\threadstest\threadstest.cpp(99): error C2143: syntax error: missing ';' before '{'
c:\users\rafxar\source\repos\threadstest\threadstest\threadstest.cpp(99): error C2447: '{': missing function header (old-style formal list?)
c:\users\rafxar\source\repos\threadstest\threadstest\threadstest.cpp(127): error C2039: 'vector': is not a member of 'std'
  c:\users\rafxar\source\repos\threadstest\threadstest\predefined c++ types (compiler internal)(256): note: see declaration of 'std'
c:\users\rafxar\source\repos\threadstest\threadstest\threadstest.cpp(127): error C2062: type 'int' unexpected
c:\users\rafxar\source\repos\threadstest\threadstest\threadstest.cpp(127): error C2143: syntax error: missing ';' before '{'
c:\users\rafxar\source\repos\threadstest\threadstest\threadstest.cpp(127): error C2447: '{': missing function header (old-style formal list?)
